[2024-02-23 00:25:10] INFO: assessment
[2024-02-23 00:25:10] INFO: Accessed [assessment]
[2024-02-23 00:25:13] INFO: activity
[2024-02-23 00:25:13] INFO: Accessed [activity]
[2024-02-23 00:25:14] INFO: activity
[2024-02-23 00:25:14] INFO: Accessed [activity]
[2024-02-23 00:25:14] INFO: activity
[2024-02-23 00:25:14] INFO: Accessed [activity]
[2024-02-23 00:25:24] INFO: activity
[2024-02-23 00:25:24] INFO: Accessed [activity]
[2024-02-23 00:25:25] INFO: activity
[2024-02-23 00:25:25] INFO: Accessed [activity]
[2024-02-23 00:28:35] INFO: assessment
[2024-02-23 00:28:35] INFO: Accessed [assessment]
[2024-02-23 00:28:36] INFO: activity
[2024-02-23 00:28:36] INFO: Accessed [activity]
[2024-02-23 00:28:36] INFO: assessment
[2024-02-23 00:28:36] INFO: Accessed [assessment]
[2024-02-23 00:28:38] INFO: activity
[2024-02-23 00:28:38] INFO: Accessed [activity]
[2024-02-23 00:28:38] INFO: assessment
[2024-02-23 00:28:38] INFO: Accessed [assessment]
[2024-02-23 00:28:39] INFO: activity
[2024-02-23 00:28:39] INFO: Accessed [activity]
[2024-02-23 00:28:39] INFO: assessment
[2024-02-23 00:28:39] INFO: Accessed [assessment]
[2024-02-23 00:28:39] INFO: activity
[2024-02-23 00:28:39] INFO: Accessed [activity]
[2024-02-23 00:28:39] INFO: assessment
[2024-02-23 00:28:39] INFO: Accessed [assessment]
[2024-02-23 00:28:40] INFO: activity
[2024-02-23 00:28:40] INFO: Accessed [activity]
[2024-02-23 00:28:40] INFO: assessment
[2024-02-23 00:28:40] INFO: Accessed [assessment]
[2024-02-23 00:28:40] INFO: activity
[2024-02-23 00:28:40] INFO: Accessed [activity]
[2024-02-23 00:28:40] INFO: assessment
[2024-02-23 00:28:40] INFO: Accessed [assessment]
[2024-02-23 00:28:41] INFO: activity
[2024-02-23 00:28:41] INFO: Accessed [activity]
[2024-02-23 00:28:41] INFO: assessment
[2024-02-23 00:28:41] INFO: Accessed [assessment]
[2024-02-23 00:28:42] INFO: activity
[2024-02-23 00:28:42] INFO: Accessed [activity]
[2024-02-23 00:28:42] INFO: assessment
[2024-02-23 00:28:42] INFO: Accessed [assessment]
[2024-02-23 00:28:42] INFO: activity
[2024-02-23 00:28:42] INFO: Accessed [activity]
[2024-02-23 00:28:42] INFO: assessment
[2024-02-23 00:28:42] INFO: Accessed [assessment]
[2024-02-23 00:28:48] INFO: logout
[2024-02-23 00:28:48] INFO: Logging Out
[2024-02-23 00:28:48] INFO: home
[2024-02-23 00:28:48] INFO: Accessed [home]
[2024-02-23 00:28:50] INFO: login
[2024-02-23 00:28:50] INFO: Accessed [login]
[2024-02-23 00:29:18] INFO: login
[2024-02-23 00:29:18] INFO: Accessed [login]
[2024-02-23 00:29:19] INFO: Successfully validated Google Sign-In token
[2024-02-23 00:29:19] INFO: query: UPDATE tbl_accounts SET FirstName = ?, LastName = ?, Image = ? WHERE Id = ?
[2024-02-23 00:29:19] INFO: bindingString: sssi
[2024-02-23 00:29:19] INFO: Update successful
[2024-02-23 00:29:19] INFO: dashboard
[2024-02-23 00:29:19] INFO: Accessed [dashboard]
[2024-02-23 00:29:21] INFO: course
[2024-02-23 00:29:21] INFO: Accessed [course]
[2024-02-23 00:29:23] INFO: lessons
[2024-02-23 00:29:23] INFO: Accessed [lessons]
[2024-02-23 00:29:24] INFO: assessment
[2024-02-23 00:29:24] INFO: Accessed [assessment]
[2024-02-23 00:29:25] INFO: activity
[2024-02-23 00:29:25] INFO: Accessed [activity]
[2024-02-23 00:29:25] INFO: assessment
[2024-02-23 00:29:25] INFO: Accessed [assessment]
[2024-02-23 00:29:26] INFO: activity
[2024-02-23 00:29:26] INFO: Accessed [activity]
[2024-02-23 00:29:26] INFO: assessment
[2024-02-23 00:29:26] INFO: Accessed [assessment]
[2024-02-23 00:29:31] INFO: activity
[2024-02-23 00:29:31] INFO: Accessed [activity]
[2024-02-23 00:29:31] INFO: assessment
[2024-02-23 00:29:31] INFO: Accessed [assessment]
[2024-02-23 00:29:32] INFO: activity
[2024-02-23 00:29:32] INFO: Accessed [activity]
[2024-02-23 00:29:32] INFO: assessment
[2024-02-23 00:29:32] INFO: Accessed [assessment]
[2024-02-23 00:29:32] INFO: activity
[2024-02-23 00:29:32] INFO: Accessed [activity]
[2024-02-23 00:29:32] INFO: assessment
[2024-02-23 00:29:32] INFO: Accessed [assessment]
[2024-02-23 00:29:32] INFO: activity
[2024-02-23 00:29:32] INFO: Accessed [activity]
[2024-02-23 00:29:32] INFO: assessment
[2024-02-23 00:29:32] INFO: Accessed [assessment]
[2024-02-23 00:29:32] INFO: activity
[2024-02-23 00:29:32] INFO: Accessed [activity]
[2024-02-23 00:29:32] INFO: assessment
[2024-02-23 00:29:32] INFO: Accessed [assessment]
[2024-02-23 00:29:33] INFO: activity
[2024-02-23 00:29:33] INFO: Accessed [activity]
[2024-02-23 00:29:33] INFO: assessment
[2024-02-23 00:29:33] INFO: Accessed [assessment]
[2024-02-23 00:29:33] INFO: activity
[2024-02-23 00:29:33] INFO: Accessed [activity]
[2024-02-23 00:29:33] INFO: assessment
[2024-02-23 00:29:33] INFO: Accessed [assessment]
[2024-02-23 00:29:33] INFO: activity
[2024-02-23 00:29:33] INFO: Accessed [activity]
[2024-02-23 00:29:33] INFO: assessment
[2024-02-23 00:29:33] INFO: Accessed [assessment]
[2024-02-23 00:29:33] INFO: activity
[2024-02-23 00:29:33] INFO: Accessed [activity]
[2024-02-23 00:29:33] INFO: assessment
[2024-02-23 00:29:33] INFO: Accessed [assessment]
[2024-02-23 00:29:35] INFO: students
[2024-02-23 00:29:35] INFO: Accessed [students]
[2024-02-23 00:29:37] INFO: profile
[2024-02-23 00:29:37] INFO: Accessed [profile]
[2024-02-23 00:29:43] INFO: dashboard
[2024-02-23 00:29:43] INFO: Accessed [dashboard]
[2024-02-23 00:29:43] INFO: students
[2024-02-23 00:29:43] INFO: Accessed [students]
[2024-02-23 00:29:44] INFO: students
[2024-02-23 00:29:44] INFO: Accessed [students]
[2024-02-23 00:29:45] INFO: profile
[2024-02-23 00:29:45] INFO: Accessed [profile]
[2024-02-23 00:29:45] INFO: students
[2024-02-23 00:29:45] INFO: Accessed [students]
[2024-02-23 00:29:46] INFO: students
[2024-02-23 00:29:46] INFO: Accessed [students]
[2024-02-23 00:29:47] INFO: course
[2024-02-23 00:29:47] INFO: Accessed [course]
[2024-02-23 00:29:48] INFO: lessons
[2024-02-23 00:29:48] INFO: Accessed [lessons]
[2024-02-23 00:29:49] INFO: course
[2024-02-23 00:29:49] INFO: Accessed [course]
[2024-02-23 00:29:50] INFO: course
[2024-02-23 00:29:50] INFO: Accessed [course]
[2024-02-23 00:29:51] INFO: lessons
[2024-02-23 00:29:51] INFO: Accessed [lessons]
[2024-02-23 00:29:52] INFO: chapter
[2024-02-23 00:29:52] INFO: Accessed [chapter]
[2024-02-23 00:29:52] ERROR: Access Not Allowed
[2024-02-23 00:29:53] INFO: course
[2024-02-23 00:29:53] INFO: Accessed [course]
[2024-02-23 00:29:54] INFO: lessons
[2024-02-23 00:29:54] INFO: Accessed [lessons]
[2024-02-23 00:29:55] INFO: chapter
[2024-02-23 00:29:55] INFO: Accessed [chapter]
[2024-02-23 00:29:55] ERROR: Access Not Allowed
[2024-02-23 00:30:30] INFO: chapter
[2024-02-23 00:30:30] INFO: Accessed [chapter]
[2024-02-23 00:30:52] INFO: chapter
[2024-02-23 00:30:52] INFO: Accessed [chapter]
[2024-02-23 00:32:23] INFO: chapter
[2024-02-23 00:32:23] INFO: Accessed [chapter]
[2024-02-23 00:32:27] INFO: course
[2024-02-23 00:32:27] INFO: Accessed [course]
[2024-02-23 00:32:27] INFO: lessons
[2024-02-23 00:32:27] INFO: Accessed [lessons]
[2024-02-23 00:32:28] INFO: chapter
[2024-02-23 00:32:28] INFO: Accessed [chapter]
[2024-02-23 00:34:04] INFO: chapter
[2024-02-23 00:34:04] INFO: Accessed [chapter]
[2024-02-23 00:34:07] INFO: course
[2024-02-23 00:34:07] INFO: Accessed [course]
[2024-02-23 00:34:08] INFO: lessons
[2024-02-23 00:34:08] INFO: Accessed [lessons]
[2024-02-23 00:34:09] INFO: chapter
[2024-02-23 00:34:09] INFO: Accessed [chapter]
[2024-02-23 00:34:09] INFO: course
[2024-02-23 00:34:09] INFO: Accessed [course]
[2024-02-23 00:34:10] INFO: lessons
[2024-02-23 00:34:10] INFO: Accessed [lessons]
[2024-02-23 00:34:11] INFO: chapter
[2024-02-23 00:34:11] INFO: Accessed [chapter]
[2024-02-23 00:34:12] INFO: lessons
[2024-02-23 00:34:12] INFO: Accessed [lessons]
[2024-02-23 00:34:13] INFO: assessment
[2024-02-23 00:34:13] INFO: Accessed [assessment]
[2024-02-23 00:34:14] INFO: activity
[2024-02-23 00:34:14] INFO: Accessed [activity]
[2024-02-23 00:34:14] INFO: assessment
[2024-02-23 00:34:14] INFO: Accessed [assessment]
[2024-02-23 00:34:14] INFO: activity
[2024-02-23 00:34:14] INFO: Accessed [activity]
[2024-02-23 00:34:14] INFO: assessment
[2024-02-23 00:34:14] INFO: Accessed [assessment]
[2024-02-23 00:34:16] INFO: course
[2024-02-23 00:34:16] INFO: Accessed [course]
[2024-02-23 00:34:17] INFO: students
[2024-02-23 00:34:17] INFO: Accessed [students]
[2024-02-23 00:34:17] INFO: profile
[2024-02-23 00:34:17] INFO: Accessed [profile]
[2024-02-23 00:34:24] INFO: students
[2024-02-23 00:34:24] INFO: Accessed [students]
[2024-02-23 00:34:25] INFO: dashboard
[2024-02-23 00:34:25] INFO: Accessed [dashboard]
[2024-02-23 00:34:26] INFO: students
[2024-02-23 00:34:26] INFO: Accessed [students]
[2024-02-23 00:34:27] INFO: profile
[2024-02-23 00:34:27] INFO: Accessed [profile]
[2024-02-23 00:34:28] INFO: course
[2024-02-23 00:34:28] INFO: Accessed [course]
[2024-02-23 00:34:28] INFO: students
[2024-02-23 00:34:28] INFO: Accessed [students]
[2024-02-23 00:34:29] INFO: students
[2024-02-23 00:34:29] INFO: Accessed [students]
[2024-02-23 00:34:29] INFO: dashboard
[2024-02-23 00:34:29] INFO: Accessed [dashboard]
[2024-02-23 00:34:30] INFO: students
[2024-02-23 00:34:30] INFO: Accessed [students]
[2024-02-23 00:34:30] INFO: course
[2024-02-23 00:34:30] INFO: Accessed [course]
[2024-02-23 00:34:31] INFO: students
[2024-02-23 00:34:31] INFO: Accessed [students]
[2024-02-23 00:34:34] INFO: logout
[2024-02-23 00:34:34] INFO: Logging Out
[2024-02-23 00:34:34] INFO: home
[2024-02-23 00:34:34] INFO: Accessed [home]
[2024-02-23 00:34:41] INFO: login
[2024-02-23 00:34:41] INFO: Accessed [login]
[2024-02-23 00:34:45] INFO: login
[2024-02-23 00:34:45] INFO: Accessed [login]
[2024-02-23 00:34:46] INFO: Successfully validated Google Sign-In token
[2024-02-23 00:34:46] INFO: query: UPDATE tbl_accounts SET FirstName = ?, LastName = ?, Image = ? WHERE Id = ?
[2024-02-23 00:34:46] INFO: bindingString: sssi
[2024-02-23 00:34:46] INFO: No rows were affected. Update may not have found a matching row.
[2024-02-23 00:34:46] INFO: dashboard
[2024-02-23 00:34:46] INFO: Accessed [dashboard]
[2024-02-23 00:34:47] INFO: dashboard
[2024-02-23 00:34:47] INFO: Accessed [dashboard]
[2024-02-23 00:34:47] INFO: accounts
[2024-02-23 00:34:47] INFO: Accessed [accounts]
[2024-02-23 00:34:49] INFO: course
[2024-02-23 00:34:49] INFO: Accessed [course]
[2024-02-23 00:34:51] INFO: lessons
[2024-02-23 00:34:51] INFO: Accessed [lessons]
[2024-02-23 00:34:52] INFO: chapter
[2024-02-23 00:34:52] INFO: Accessed [chapter]
[2024-02-23 00:35:02] INFO: accounts
[2024-02-23 00:35:02] INFO: Accessed [accounts]
[2024-02-23 00:35:04] INFO: profile
[2024-02-23 00:35:04] INFO: Accessed [profile]
[2024-02-23 00:35:05] INFO: accounts
[2024-02-23 00:35:05] INFO: Accessed [accounts]
[2024-02-23 00:35:06] INFO: profile
[2024-02-23 00:35:06] INFO: Accessed [profile]
[2024-02-23 00:35:07] INFO: accounts
[2024-02-23 00:35:07] INFO: Accessed [accounts]
[2024-02-23 00:35:08] INFO: profile
[2024-02-23 00:35:08] INFO: Accessed [profile]
[2024-02-23 00:35:09] INFO: accounts
[2024-02-23 00:35:09] INFO: Accessed [accounts]
[2024-02-23 00:35:10] INFO: course
[2024-02-23 00:35:10] INFO: Accessed [course]
[2024-02-23 00:35:12] INFO: chapter
[2024-02-23 00:35:12] INFO: Accessed [chapter]
[2024-02-23 00:35:15] INFO: lessons
[2024-02-23 00:35:15] INFO: Accessed [lessons]
[2024-02-23 00:35:16] INFO: course
[2024-02-23 00:35:16] INFO: Accessed [course]
[2024-02-23 00:35:17] INFO: course
[2024-02-23 00:35:17] INFO: Accessed [course]
[2024-02-23 00:35:19] INFO: chapter
[2024-02-23 00:35:19] INFO: Accessed [chapter]
[2024-02-23 00:35:21] INFO: lessons
[2024-02-23 00:35:21] INFO: Accessed [lessons]
[2024-02-23 00:35:23] INFO: chapter
[2024-02-23 00:35:23] INFO: Accessed [chapter]
[2024-02-23 00:35:24] INFO: course
[2024-02-23 00:35:24] INFO: Accessed [course]
[2024-02-23 00:35:26] INFO: chapter
[2024-02-23 00:35:26] INFO: Accessed [chapter]
[2024-02-23 00:35:28] INFO: lessons
[2024-02-23 00:35:28] INFO: Accessed [lessons]
[2024-02-23 00:35:34] INFO: activity
[2024-02-23 00:35:34] INFO: Accessed [activity]
[2024-02-23 00:35:39] INFO: assessment
[2024-02-23 00:35:39] INFO: Accessed [assessment]
[2024-02-23 00:35:57] INFO: assessment
[2024-02-23 00:35:57] INFO: Accessed [assessment]
[2024-02-23 00:35:58] INFO: assessment
[2024-02-23 00:35:58] INFO: Accessed [assessment]
[2024-02-23 00:36:01] INFO: logout
[2024-02-23 00:36:01] INFO: Logging Out
[2024-02-23 00:36:01] INFO: home
[2024-02-23 00:36:01] INFO: Accessed [home]
[2024-02-23 00:36:02] INFO: login
[2024-02-23 00:36:02] INFO: Accessed [login]
[2024-02-23 00:36:07] INFO: login
[2024-02-23 00:36:07] INFO: Accessed [login]
[2024-02-23 00:36:07] INFO: Successfully validated Google Sign-In token
[2024-02-23 00:36:07] INFO: query: UPDATE tbl_accounts SET FirstName = ?, LastName = ?, Image = ? WHERE Id = ?
[2024-02-23 00:36:07] INFO: bindingString: sssi
[2024-02-23 00:36:07] INFO: No rows were affected. Update may not have found a matching row.
[2024-02-23 00:36:07] INFO: dashboard
[2024-02-23 00:36:07] INFO: Accessed [dashboard]
[2024-02-23 00:36:09] INFO: chapter
[2024-02-23 00:36:09] INFO: Accessed [chapter]
[2024-02-23 00:36:11] INFO: lessons
[2024-02-23 00:36:11] INFO: Accessed [lessons]
[2024-02-23 00:36:12] INFO: activity
[2024-02-23 00:36:12] INFO: Accessed [activity]
[2024-02-23 00:36:12] INFO: result
[2024-02-23 00:36:12] INFO: Accessed [result]
[2024-02-23 00:36:21] INFO: lessons
[2024-02-23 00:36:21] INFO: Accessed [lessons]
[2024-02-23 00:36:23] INFO: activity
[2024-02-23 00:36:23] INFO: Accessed [activity]
[2024-02-23 00:36:23] INFO: result
[2024-02-23 00:36:23] INFO: Accessed [result]
[2024-02-23 00:36:36] INFO: result
[2024-02-23 00:36:36] INFO: Accessed [result]
[2024-02-23 00:36:40] INFO: lessons
[2024-02-23 00:36:40] INFO: Accessed [lessons]
[2024-02-23 00:36:41] INFO: activity
[2024-02-23 00:36:41] INFO: Accessed [activity]
[2024-02-23 00:36:41] INFO: result
[2024-02-23 00:36:41] INFO: Accessed [result]
[2024-02-23 00:36:43] INFO: chapter
[2024-02-23 00:36:43] INFO: Accessed [chapter]
[2024-02-23 00:36:44] INFO: course
[2024-02-23 00:36:44] INFO: Accessed [course]
[2024-02-23 00:36:45] INFO: logout
[2024-02-23 00:36:45] INFO: Logging Out
[2024-02-23 00:36:45] INFO: home
[2024-02-23 00:36:45] INFO: Accessed [home]
[2024-02-23 00:36:46] INFO: login
[2024-02-23 00:36:46] INFO: Accessed [login]
[2024-02-23 00:36:55] INFO: login
[2024-02-23 00:36:55] INFO: Accessed [login]
[2024-02-23 00:36:55] INFO: Successfully validated Google Sign-In token
[2024-02-23 00:36:55] INFO: query: UPDATE tbl_accounts SET FirstName = ?, LastName = ?, Image = ? WHERE Id = ?
[2024-02-23 00:36:55] INFO: bindingString: sssi
[2024-02-23 00:36:55] INFO: No rows were affected. Update may not have found a matching row.
[2024-02-23 00:36:55] INFO: dashboard
[2024-02-23 00:36:55] INFO: Accessed [dashboard]
[2024-02-23 00:36:57] INFO: course
[2024-02-23 00:36:57] INFO: Accessed [course]
[2024-02-23 00:36:58] INFO: students
[2024-02-23 00:36:58] INFO: Accessed [students]
[2024-02-23 00:37:00] INFO: profile
[2024-02-23 00:37:00] INFO: Accessed [profile]
[2024-02-23 00:37:01] INFO: scores
[2024-02-23 00:37:01] INFO: Accessed [scores]
[2024-02-23 00:37:02] INFO: result
[2024-02-23 00:37:02] INFO: Accessed [result]
[2024-02-23 00:37:05] INFO: students
[2024-02-23 00:37:05] INFO: Accessed [students]
[2024-02-23 00:37:06] INFO: profile
[2024-02-23 00:37:06] INFO: Accessed [profile]
[2024-02-23 00:37:07] INFO: scores
[2024-02-23 00:37:07] INFO: Accessed [scores]
[2024-02-23 00:37:07] INFO: result
[2024-02-23 00:37:07] INFO: Accessed [result]
[2024-02-23 00:37:10] INFO: result
[2024-02-23 00:37:10] INFO: Accessed [result]
[2024-02-23 00:37:11] INFO: result
[2024-02-23 00:37:11] INFO: Accessed [result]
[2024-02-23 00:37:12] INFO: result
[2024-02-23 00:37:12] INFO: Accessed [result]
[2024-02-23 00:37:17] INFO: result
[2024-02-23 00:37:17] INFO: Accessed [result]
[2024-02-23 00:37:18] INFO: result
[2024-02-23 00:37:18] INFO: Accessed [result]
[2024-02-23 00:37:18] INFO: result
[2024-02-23 00:37:18] INFO: Accessed [result]
[2024-02-23 00:40:46] INFO: result
[2024-02-23 00:40:46] INFO: Accessed [result]
[2024-02-23 00:40:48] INFO: result
[2024-02-23 00:40:48] INFO: Accessed [result]
[2024-02-23 00:40:49] INFO: result
[2024-02-23 00:40:49] INFO: Accessed [result]
[2024-02-23 00:41:02] INFO: result
[2024-02-23 00:41:02] INFO: Accessed [result]
[2024-02-23 00:41:03] INFO: result
[2024-02-23 00:41:03] INFO: Accessed [result]
[2024-02-23 00:41:19] INFO: result
[2024-02-23 00:41:19] INFO: Accessed [result]
[2024-02-23 00:41:20] INFO: Email sent to: jameslayson.0@gmail.com
[2024-02-23 00:41:21] INFO: result
[2024-02-23 00:41:21] INFO: Accessed [result]
[2024-02-23 00:41:21] INFO: Email sent to: jameslayson.0@gmail.com
[2024-02-23 00:41:22] INFO: result
[2024-02-23 00:41:22] INFO: Accessed [result]
[2024-02-23 00:41:22] INFO: Email sent to: jameslayson.0@gmail.com
[2024-02-23 00:43:13] INFO: result
[2024-02-23 00:43:13] INFO: Accessed [result]
[2024-02-23 00:43:15] INFO: result
[2024-02-23 00:43:15] INFO: Accessed [result]
[2024-02-23 00:43:17] INFO: result
[2024-02-23 00:43:17] INFO: Accessed [result]
[2024-02-23 00:43:18] INFO: Email sent to: jameslayson.0@gmail.com
[2024-02-23 00:43:20] INFO: result
[2024-02-23 00:43:20] INFO: Accessed [result]
[2024-02-23 00:43:21] INFO: Email sent to: jameslayson.0@gmail.com
[2024-02-23 00:43:22] INFO: result
[2024-02-23 00:43:22] INFO: Accessed [result]
[2024-02-23 00:43:22] INFO: Email sent to: jameslayson.0@gmail.com
[2024-02-23 00:43:27] INFO: scores
[2024-02-23 00:43:27] INFO: Accessed [scores]
[2024-02-23 00:43:28] INFO: result
[2024-02-23 00:43:28] INFO: Accessed [result]
[2024-02-23 00:43:31] INFO: result
[2024-02-23 00:43:31] INFO: Accessed [result]
[2024-02-23 00:43:31] INFO: Email sent to: jameslayson.0@gmail.com
[2024-02-23 00:43:32] INFO: students
[2024-02-23 00:43:32] INFO: Accessed [students]
[2024-02-23 00:43:33] INFO: course
[2024-02-23 00:43:33] INFO: Accessed [course]
